Build started 18/03/2016 10:26:35.
     1>Project "C:\Users\Pablo\Desktop\antiqueBlocksV2\antiqueBlocksV1\antiqueBlocksV1\antiqueBlocksV1.vcxproj" on node 2 (build target(s)).
     1>InitializeBuildStatus:
         Touching "Debug\antiqueBlocksV1.unsuccessfulbuild".
       AddCudaCompileDeps:
       Skipping target "AddCudaCompileDeps" because all output files are up-to-date with respect to the input files.
       AddCudaCompileDeps:
       Skipping target "AddCudaCompileDeps" because all output files are up-to-date with respect to the input files.
       AddCudaCompilePropsDeps:
       Skipping target "AddCudaCompilePropsDeps" because all output files are up-to-date with respect to the input files.
       AddCudaCompilePropsDeps:
       Skipping target "AddCudaCompilePropsDeps" because all output files are up-to-date with respect to the input files.
       CudaBuild:
       Skipping target "CudaBuild" because all output files are up-to-date with respect to the input files.
       CudaBuild:
       Skipping target "CudaBuild" because all output files are up-to-date with respect to the input files.
       ManifestResourceCompile:
         All outputs are up-to-date.
       Link:
         C:\Program Files (x86)\Microsoft Visual Studio 10.0\VC\bin\link.exe /ERRORREPORT:PROMPT /OUT:"C:\Users\Pablo\Desktop\antiqueBlocksV2\antiqueBlocksV1\Debug\antiqueBlocksV1.exe" /INCREMENTAL /NOLOGO /LIBPATH:"C:\Program Files\NVIDIA GPU Computing Toolkit\CUDA\v6.5\lib\Win32" cudart.lib kernel32.lib user32.lib gdi32.lib winspool.lib comdlg32.lib advapi32.lib shell32.lib ole32.lib oleaut32.lib uuid.lib odbc32.lib odbccp32.lib kernel32.lib user32.lib gdi32.lib winspool.lib comdlg32.lib advapi32.lib shell32.lib ole32.lib oleaut32.lib uuid.lib odbc32.lib odbccp32.lib /MANIFEST /ManifestFile:"Debug\antiqueBlocksV1.exe.intermediate.manifest" /MANIFESTUAC:"level='asInvoker' uiAccess='false'" /DEBUG /PDB:"C:\Users\Pablo\Desktop\antiqueBlocksV2\antiqueBlocksV1\Debug\antiqueBlocksV1.pdb" /SUBSYSTEM:CONSOLE /TLBID:1 /DYNAMICBASE /NXCOMPAT /IMPLIB:"C:\Users\Pablo\Desktop\antiqueBlocksV2\antiqueBlocksV1\Debug\antiqueBlocksV1.lib" /MACHINE:X86 Debug\block.cu.obj
         Debug\kernel.cu.obj
         Debug\antiqueBlocksV1.exe.embed.manifest.res
       Manifest:
         C:\Program Files (x86)\Microsoft SDKs\Windows\v7.0A\bin\mt.exe /nologo /verbose /out:"Debug\antiqueBlocksV1.exe.embed.manifest" /manifest Debug\antiqueBlocksV1.exe.intermediate.manifest
         All outputs are up-to-date.
       LinkEmbedManifest:
         All outputs are up-to-date.
         antiqueBlocksV1.vcxproj -> C:\Users\Pablo\Desktop\antiqueBlocksV2\antiqueBlocksV1\Debug\antiqueBlocksV1.exe
       PostBuildEvent:
         echo copy "C:\Program Files\NVIDIA GPU Computing Toolkit\CUDA\v6.5\bin\cudart*.dll" "C:\Users\Pablo\Desktop\antiqueBlocksV2\antiqueBlocksV1\Debug\"
         copy "C:\Program Files\NVIDIA GPU Computing Toolkit\CUDA\v6.5\bin\cudart*.dll" "C:\Users\Pablo\Desktop\antiqueBlocksV2\antiqueBlocksV1\Debug\"
         :VCEnd
         copy "C:\Program Files\NVIDIA GPU Computing Toolkit\CUDA\v6.5\bin\cudart*.dll" "C:\Users\Pablo\Desktop\antiqueBlocksV2\antiqueBlocksV1\Debug\"
         C:\Program Files\NVIDIA GPU Computing Toolkit\CUDA\v6.5\bin\cudart32_65.dll
         C:\Program Files\NVIDIA GPU Computing Toolkit\CUDA\v6.5\bin\cudart64_65.dll
                 2 archivo(s) copiado(s).
       FinalizeBuildStatus:
         Deleting file "Debug\antiqueBlocksV1.unsuccessfulbuild".
         Touching "Debug\antiqueBlocksV1.lastbuildstate".
     1>Done Building Project "C:\Users\Pablo\Desktop\antiqueBlocksV2\antiqueBlocksV1\antiqueBlocksV1\antiqueBlocksV1.vcxproj" (build target(s)).

Build succeeded.

Time Elapsed 00:00:00.64
