Compilación iniciada a las 18/03/2016 10:58:44.
     1>Proyecto "c:\Users\lenovo-us\documents\visual studio 2010\Projects\BLOCKS_CPU\BLOCKS_CPU\BLOCKS_CPU.vcxproj" en el nodo 2 (build destinos).
     1>PrepareForBuild:
         Creando directorio "c:\users\lenovo-us\documents\visual studio 2010\Projects\BLOCKS_CPU\Debug\".
       InitializeBuildStatus:
         Se creará "Debug\BLOCKS_CPU.unsuccessfulbuild" porque se especificó "AlwaysCreate".
       ClCompile:
         C:\Program Files (x86)\Microsoft Visual Studio 10.0\VC\bin\CL.exe /c /ZI /nologo /W3 /WX- /Od /Oy- /D WIN32 /D _DEBUG /D _CONSOLE /D _UNICODE /D UNICODE /Gm /EHsc /RTC1 /MDd /GS /fp:precise /Zc:wchar_t /Zc:forScope /Fo"Debug\\" /Fd"Debug\vc100.pdb" /Gd /TP /analyze- /errorReport:prompt Block.cpp BLOCKS_CPU.cpp stdafx.cpp
         stdafx.cpp
         BLOCKS_CPU.cpp
         Block.cpp
         Generando código...
       ManifestResourceCompile:
         C:\Program Files (x86)\Microsoft SDKs\Windows\v7.0A\bin\rc.exe /nologo /fo"Debug\BLOCKS_CPU.exe.embed.manifest.res" Debug\BLOCKS_CPU_manifest.rc 
       Link:
         C:\Program Files (x86)\Microsoft Visual Studio 10.0\VC\bin\link.exe /ERRORREPORT:PROMPT /OUT:"c:\users\lenovo-us\documents\visual studio 2010\Projects\BLOCKS_CPU\Debug\BLOCKS_CPU.exe" /INCREMENTAL /NOLOGO kernel32.lib user32.lib gdi32.lib winspool.lib comdlg32.lib advapi32.lib shell32.lib ole32.lib oleaut32.lib uuid.lib odbc32.lib odbccp32.lib /MANIFEST /ManifestFile:"Debug\BLOCKS_CPU.exe.intermediate.manifest" /MANIFESTUAC:"level='asInvoker' uiAccess='false'" /DEBUG /PDB:"c:\users\lenovo-us\documents\visual studio 2010\Projects\BLOCKS_CPU\Debug\BLOCKS_CPU.pdb" /SUBSYSTEM:CONSOLE /TLBID:1 /DYNAMICBASE /NXCOMPAT /IMPLIB:"c:\users\lenovo-us\documents\visual studio 2010\Projects\BLOCKS_CPU\Debug\BLOCKS_CPU.lib" /MACHINE:X86 Debug\BLOCKS_CPU.exe.embed.manifest.res
         Debug\Block.obj
         Debug\BLOCKS_CPU.obj
         Debug\stdafx.obj
       Manifest:
         C:\Program Files (x86)\Microsoft SDKs\Windows\v7.0A\bin\mt.exe /nologo /verbose /out:"Debug\BLOCKS_CPU.exe.embed.manifest" /manifest Debug\BLOCKS_CPU.exe.intermediate.manifest
         C:\Program Files (x86)\Microsoft SDKs\Windows\v7.0A\bin\rc.exe /nologo /fo"Debug\BLOCKS_CPU.exe.embed.manifest.res" Debug\BLOCKS_CPU_manifest.rc 
       LinkEmbedManifest:
         C:\Program Files (x86)\Microsoft Visual Studio 10.0\VC\bin\link.exe /ERRORREPORT:PROMPT /OUT:"c:\users\lenovo-us\documents\visual studio 2010\Projects\BLOCKS_CPU\Debug\BLOCKS_CPU.exe" /INCREMENTAL /NOLOGO kernel32.lib user32.lib gdi32.lib winspool.lib comdlg32.lib advapi32.lib shell32.lib ole32.lib oleaut32.lib uuid.lib odbc32.lib odbccp32.lib /MANIFEST /ManifestFile:"Debug\BLOCKS_CPU.exe.intermediate.manifest" /MANIFESTUAC:"level='asInvoker' uiAccess='false'" /DEBUG /PDB:"c:\users\lenovo-us\documents\visual studio 2010\Projects\BLOCKS_CPU\Debug\BLOCKS_CPU.pdb" /SUBSYSTEM:CONSOLE /TLBID:1 /DYNAMICBASE /NXCOMPAT /IMPLIB:"c:\users\lenovo-us\documents\visual studio 2010\Projects\BLOCKS_CPU\Debug\BLOCKS_CPU.lib" /MACHINE:X86 Debug\BLOCKS_CPU.exe.embed.manifest.res
         Debug\Block.obj
         Debug\BLOCKS_CPU.obj
         Debug\stdafx.obj
         BLOCKS_CPU.vcxproj -> c:\users\lenovo-us\documents\visual studio 2010\Projects\BLOCKS_CPU\Debug\BLOCKS_CPU.exe
       FinalizeBuildStatus:
         Se eliminará el archivo "Debug\BLOCKS_CPU.unsuccessfulbuild".
         Aplicando tarea Touch a "Debug\BLOCKS_CPU.lastbuildstate".
     1>Compilación del proyecto terminada "c:\Users\lenovo-us\documents\visual studio 2010\Projects\BLOCKS_CPU\BLOCKS_CPU\BLOCKS_CPU.vcxproj" (build destinos).

Compilación correcta.

Tiempo transcurrido 00:00:05.09
